This is pdfTeX, Version 3.141592653-2.6-1.40.24 (MiKTeX 22.12) (preloaded format=pdflatex 2022.12.15)  13 MAY 2023 14:46
entering extended mode
 restricted \write18 enabled.
 %&-line parsing enabled.
**./20220412_chao_tang_chmodel_TR_38_901.tex
(20220412_chao_tang_chmodel_TR_38_901.tex
LaTeX2e <2022-11-01> patch level 1
L3 programming layer <2022-11-02> (C:\bin\MiKTeX\tex/latex/beamer\beamer.cls
Document Class: beamer 2022/09/13 v3.68 A class for typesetting presentations
(C:\bin\MiKTeX\tex/latex/beamer\beamerbasemodes.sty
(C:\bin\MiKTeX\tex/latex/etoolbox\etoolbox.sty
Package: etoolbox 2020/10/05 v2.5k e-TeX tools for LaTeX (JAW)
\etb@tempcnta=\count185
)
\beamer@tempbox=\box51
\beamer@tempcount=\count186
\c@beamerpauses=\count187

(C:\bin\MiKTeX\tex/latex/beamer\beamerbasedecode.sty
\beamer@slideinframe=\count188
\beamer@minimum=\count189
\beamer@decode@box=\box52
)
\beamer@commentbox=\box53
\beamer@modecount=\count190
)
(C:\bin\MiKTeX\tex/generic/iftex\iftex.sty
Package: iftex 2022/02/03 v1.0f TeX engine tests
)
\headdp=\dimen140
\footheight=\dimen141
\sidebarheight=\dimen142
\beamer@tempdim=\dimen143
\beamer@finalheight=\dimen144
\beamer@animht=\dimen145
\beamer@animdp=\dimen146
\beamer@animwd=\dimen147
\beamer@leftmargin=\dimen148
\beamer@rightmargin=\dimen149
\beamer@leftsidebar=\dimen150
\beamer@rightsidebar=\dimen151
\beamer@boxsize=\dimen152
\beamer@vboxoffset=\dimen153
\beamer@descdefault=\dimen154
\beamer@descriptionwidth=\dimen155
\beamer@lastskip=\skip48
\beamer@areabox=\box54
\beamer@animcurrent=\box55
\beamer@animshowbox=\box56
\beamer@sectionbox=\box57
\beamer@logobox=\box58
\beamer@linebox=\box59
\beamer@sectioncount=\count191
\beamer@subsubsectionmax=\count192
\beamer@subsectionmax=\count193
\beamer@sectionmax=\count194
\beamer@totalheads=\count195
\beamer@headcounter=\count196
\beamer@partstartpage=\count197
\beamer@sectionstartpage=\count198
\beamer@subsectionstartpage=\count199
\beamer@animationtempa=\count266
\beamer@animationtempb=\count267
\beamer@xpos=\count268
\beamer@ypos=\count269
\beamer@ypos@offset=\count270
\beamer@showpartnumber=\count271
\beamer@currentsubsection=\count272
\beamer@coveringdepth=\count273
\beamer@sectionadjust=\count274
\beamer@toclastsection=\count275
\beamer@tocsectionnumber=\count276

(C:\bin\MiKTeX\tex/latex/beamer\beamerbaseoptions.sty
(C:\bin\MiKTeX\tex/latex/graphics\keyval.sty
Package: keyval 2022/05/29 v1.15 key=value parser (DPC)
\KV@toks@=\toks16
))
\beamer@paperwidth=\skip49
\beamer@paperheight=\skip50

(C:\bin\MiKTeX\tex/latex/geometry\geometry.sty
Package: geometry 2020/01/02 v5.9 Page Geometry

(C:\bin\MiKTeX\tex/generic/iftex\ifvtex.sty
Package: ifvtex 2019/10/25 v1.7 ifvtex legacy package. Use iftex instead.
)
\Gm@cnth=\count277
\Gm@cntv=\count278
\c@Gm@tempcnt=\count279
\Gm@bindingoffset=\dimen156
\Gm@wd@mp=\dimen157
\Gm@odd@mp=\dimen158
\Gm@even@mp=\dimen159
\Gm@layoutwidth=\dimen160
\Gm@layoutheight=\dimen161
\Gm@layouthoffset=\dimen162
\Gm@layoutvoffset=\dimen163
\Gm@dimlist=\toks17

(C:\bin\MiKTeX\tex/latex/geometry\geometry.cfg))
(C:\bin\MiKTeX\tex/latex/pgf/math\pgfmath.sty
(C:\bin\MiKTeX\tex/latex/pgf/utilities\pgfrcs.sty
(C:\bin\MiKTeX\tex/generic/pgf/utilities\pgfutil-common.tex
\pgfutil@everybye=\toks18
\pgfutil@tempdima=\dimen164
\pgfutil@tempdimb=\dimen165

(C:\bin\MiKTeX\tex/generic/pgf/utilities\pgfutil-common-lists.tex))
(C:\bin\MiKTeX\tex/generic/pgf/utilities\pgfutil-latex.def
\pgfutil@abb=\box60
)
(C:\bin\MiKTeX\tex/generic/pgf/utilities\pgfrcs.code.tex
(C:\bin\MiKTeX\tex/generic/pgf\pgf.revision.tex)
Package: pgfrcs 2021/05/15 v3.1.9a (3.1.9a)
))
(C:\bin\MiKTeX\tex/latex/pgf/utilities\pgfkeys.sty
(C:\bin\MiKTeX\tex/generic/pgf/utilities\pgfkeys.code.tex
\pgfkeys@pathtoks=\toks19
\pgfkeys@temptoks=\toks20

(C:\bin\MiKTeX\tex/generic/pgf/utilities\pgfkeysfiltered.code.tex
\pgfkeys@tmptoks=\toks21
)))
(C:\bin\MiKTeX\tex/generic/pgf/math\pgfmath.code.tex
(C:\bin\MiKTeX\tex/generic/pgf/math\pgfmathcalc.code.tex
(C:\bin\MiKTeX\tex/generic/pgf/math\pgfmathutil.code.tex
\pgf@x=\dimen166
\pgf@xa=\dimen167
\pgf@xb=\dimen168
\pgf@xc=\dimen169
\pgf@y=\dimen170
\pgf@ya=\dimen171
\pgf@yb=\dimen172
\pgf@yc=\dimen173
\c@pgf@counta=\count280
\c@pgf@countb=\count281
\c@pgf@countc=\count282
\c@pgf@countd=\count283
)
(C:\bin\MiKTeX\tex/generic/pgf/math\pgfmathparser.code.tex
\pgfmath@dimen=\dimen174
\pgfmath@count=\count284
\pgfmath@box=\box61
\pgfmath@toks=\toks22
\pgfmath@stack@operand=\toks23
\pgfmath@stack@operation=\toks24
)
(C:\bin\MiKTeX\tex/generic/pgf/math\pgfmathfunctions.code.tex
(C:\bin\MiKTeX\tex/generic/pgf/math\pgfmathfunctions.basic.code.tex)
(C:\bin\MiKTeX\tex/generic/pgf/math\pgfmathfunctions.trigonometric.code.tex)
(C:\bin\MiKTeX\tex/generic/pgf/math\pgfmathfunctions.random.code.tex)
(C:\bin\MiKTeX\tex/generic/pgf/math\pgfmathfunctions.comparison.code.tex)
(C:\bin\MiKTeX\tex/generic/pgf/math\pgfmathfunctions.base.code.tex)
(C:\bin\MiKTeX\tex/generic/pgf/math\pgfmathfunctions.round.code.tex)
(C:\bin\MiKTeX\tex/generic/pgf/math\pgfmathfunctions.misc.code.tex)
(C:\bin\MiKTeX\tex/generic/pgf/math\pgfmathfunctions.integerarithmetics.code.te
x))) (C:\bin\MiKTeX\tex/generic/pgf/math\pgfmathfloat.code.tex
\c@pgfmathroundto@lastzeros=\count285
)))
(C:\bin\MiKTeX\tex/latex/base\size11.clo
File: size11.clo 2022/07/02 v1.4n Standard LaTeX file (size option)
)
(C:\bin\MiKTeX\tex/latex/pgf/basiclayer\pgfcore.sty
(C:\bin\MiKTeX\tex/latex/graphics\graphicx.sty
Package: graphicx 2021/09/16 v1.2d Enhanced LaTeX Graphics (DPC,SPQR)

(C:\bin\MiKTeX\tex/latex/graphics\graphics.sty
Package: graphics 2022/03/10 v1.4e Standard LaTeX Graphics (DPC,SPQR)

(C:\bin\MiKTeX\tex/latex/graphics\trig.sty
Package: trig 2021/08/11 v1.11 sin cos tan (DPC)
)
(C:\bin\MiKTeX\tex/latex/graphics-cfg\graphics.cfg
File: graphics.cfg 2016/06/04 v1.11 sample graphics configuration
)
Package graphics Info: Driver file: pdftex.def on input line 107.

(C:\bin\MiKTeX\tex/latex/graphics-def\pdftex.def
File: pdftex.def 2022/09/22 v1.2b Graphics/color driver for pdftex
))
\Gin@req@height=\dimen175
\Gin@req@width=\dimen176
)
(C:\bin\MiKTeX\tex/latex/pgf/systemlayer\pgfsys.sty
(C:\bin\MiKTeX\tex/generic/pgf/systemlayer\pgfsys.code.tex
Package: pgfsys 2021/05/15 v3.1.9a (3.1.9a)

(C:\bin\MiKTeX\tex/generic/pgf/utilities\pgfkeys.code.tex)
\pgf@x=\dimen177
\pgf@y=\dimen178
\pgf@xa=\dimen179
\pgf@ya=\dimen180
\pgf@xb=\dimen181
\pgf@yb=\dimen182
\pgf@xc=\dimen183
\pgf@yc=\dimen184
\pgf@xd=\dimen185
\pgf@yd=\dimen186
\w@pgf@writea=\write3
\r@pgf@reada=\read2
\c@pgf@counta=\count286
\c@pgf@countb=\count287
\c@pgf@countc=\count288
\c@pgf@countd=\count289
\t@pgf@toka=\toks25
\t@pgf@tokb=\toks26
\t@pgf@tokc=\toks27
\pgf@sys@id@count=\count290

(C:\bin\MiKTeX\tex/generic/pgf/systemlayer\pgf.cfg
File: pgf.cfg 2021/05/15 v3.1.9a (3.1.9a)
)
Driver file for pgf: pgfsys-pdftex.def

(C:\bin\MiKTeX\tex/generic/pgf/systemlayer\pgfsys-pdftex.def
File: pgfsys-pdftex.def 2021/05/15 v3.1.9a (3.1.9a)

(C:\bin\MiKTeX\tex/generic/pgf/systemlayer\pgfsys-common-pdf.def
File: pgfsys-common-pdf.def 2021/05/15 v3.1.9a (3.1.9a)
)))
(C:\bin\MiKTeX\tex/generic/pgf/systemlayer\pgfsyssoftpath.code.tex
File: pgfsyssoftpath.code.tex 2021/05/15 v3.1.9a (3.1.9a)
\pgfsyssoftpath@smallbuffer@items=\count291
\pgfsyssoftpath@bigbuffer@items=\count292
)
(C:\bin\MiKTeX\tex/generic/pgf/systemlayer\pgfsysprotocol.code.tex
File: pgfsysprotocol.code.tex 2021/05/15 v3.1.9a (3.1.9a)
))
(C:\bin\MiKTeX\tex/latex/xcolor\xcolor.sty
Package: xcolor 2022/06/12 v2.14 LaTeX color extensions (UK)

(C:\bin\MiKTeX\tex/latex/graphics-cfg\color.cfg
File: color.cfg 2016/01/02 v1.6 sample color configuration
)
Package xcolor Info: Driver file: pdftex.def on input line 227.

(C:\bin\MiKTeX\tex/latex/graphics\mathcolor.ltx)
Package xcolor Info: Model `cmy' substituted by `cmy0' on input line 1353.
Package xcolor Info: Model `hsb' substituted by `rgb' on input line 1357.
Package xcolor Info: Model `RGB' extended on input line 1369.
Package xcolor Info: Model `HTML' substituted by `rgb' on input line 1371.
Package xcolor Info: Model `Hsb' substituted by `hsb' on input line 1372.
Package xcolor Info: Model `tHsb' substituted by `hsb' on input line 1373.
Package xcolor Info: Model `HSB' substituted by `hsb' on input line 1374.
Package xcolor Info: Model `Gray' substituted by `gray' on input line 1375.
Package xcolor Info: Model `wave' substituted by `hsb' on input line 1376.
)
(C:\bin\MiKTeX\tex/generic/pgf/basiclayer\pgfcore.code.tex
Package: pgfcore 2021/05/15 v3.1.9a (3.1.9a)

(C:\bin\MiKTeX\tex/generic/pgf/math\pgfmath.code.tex)
(C:\bin\MiKTeX\tex/generic/pgf/math\pgfint.code.tex)
(C:\bin\MiKTeX\tex/generic/pgf/basiclayer\pgfcorepoints.code.tex
File: pgfcorepoints.code.tex 2021/05/15 v3.1.9a (3.1.9a)
\pgf@picminx=\dimen187
\pgf@picmaxx=\dimen188
\pgf@picminy=\dimen189
\pgf@picmaxy=\dimen190
\pgf@pathminx=\dimen191
\pgf@pathmaxx=\dimen192
\pgf@pathminy=\dimen193
\pgf@pathmaxy=\dimen194
\pgf@xx=\dimen195
\pgf@xy=\dimen196
\pgf@yx=\dimen197
\pgf@yy=\dimen198
\pgf@zx=\dimen199
\pgf@zy=\dimen256
)
(C:\bin\MiKTeX\tex/generic/pgf/basiclayer\pgfcorepathconstruct.code.tex
File: pgfcorepathconstruct.code.tex 2021/05/15 v3.1.9a (3.1.9a)
\pgf@path@lastx=\dimen257
\pgf@path@lasty=\dimen258
)
(C:\bin\MiKTeX\tex/generic/pgf/basiclayer\pgfcorepathusage.code.tex
File: pgfcorepathusage.code.tex 2021/05/15 v3.1.9a (3.1.9a)
\pgf@shorten@end@additional=\dimen259
\pgf@shorten@start@additional=\dimen260
)
(C:\bin\MiKTeX\tex/generic/pgf/basiclayer\pgfcorescopes.code.tex
File: pgfcorescopes.code.tex 2021/05/15 v3.1.9a (3.1.9a)
\pgfpic=\box62
\pgf@hbox=\box63
\pgf@layerbox@main=\box64
\pgf@picture@serial@count=\count293
)
(C:\bin\MiKTeX\tex/generic/pgf/basiclayer\pgfcoregraphicstate.code.tex
File: pgfcoregraphicstate.code.tex 2021/05/15 v3.1.9a (3.1.9a)
\pgflinewidth=\dimen261
)
(C:\bin\MiKTeX\tex/generic/pgf/basiclayer\pgfcoretransformations.code.tex
File: pgfcoretransformations.code.tex 2021/05/15 v3.1.9a (3.1.9a)
\pgf@pt@x=\dimen262
\pgf@pt@y=\dimen263
\pgf@pt@temp=\dimen264
)
(C:\bin\MiKTeX\tex/generic/pgf/basiclayer\pgfcorequick.code.tex
File: pgfcorequick.code.tex 2021/05/15 v3.1.9a (3.1.9a)
)
(C:\bin\MiKTeX\tex/generic/pgf/basiclayer\pgfcoreobjects.code.tex
File: pgfcoreobjects.code.tex 2021/05/15 v3.1.9a (3.1.9a)
)
(C:\bin\MiKTeX\tex/generic/pgf/basiclayer\pgfcorepathprocessing.code.tex
File: pgfcorepathprocessing.code.tex 2021/05/15 v3.1.9a (3.1.9a)
)
(C:\bin\MiKTeX\tex/generic/pgf/basiclayer\pgfcorearrows.code.tex
File: pgfcorearrows.code.tex 2021/05/15 v3.1.9a (3.1.9a)
\pgfarrowsep=\dimen265
)
(C:\bin\MiKTeX\tex/generic/pgf/basiclayer\pgfcoreshade.code.tex
File: pgfcoreshade.code.tex 2021/05/15 v3.1.9a (3.1.9a)
\pgf@max=\dimen266
\pgf@sys@shading@range@num=\count294
\pgf@shadingcount=\count295
)
(C:\bin\MiKTeX\tex/generic/pgf/basiclayer\pgfcoreimage.code.tex
File: pgfcoreimage.code.tex 2021/05/15 v3.1.9a (3.1.9a)

(C:\bin\MiKTeX\tex/generic/pgf/basiclayer\pgfcoreexternal.code.tex
File: pgfcoreexternal.code.tex 2021/05/15 v3.1.9a (3.1.9a)
\pgfexternal@startupbox=\box65
))
(C:\bin\MiKTeX\tex/generic/pgf/basiclayer\pgfcorelayers.code.tex
File: pgfcorelayers.code.tex 2021/05/15 v3.1.9a (3.1.9a)
)
(C:\bin\MiKTeX\tex/generic/pgf/basiclayer\pgfcoretransparency.code.tex
File: pgfcoretransparency.code.tex 2021/05/15 v3.1.9a (3.1.9a)
)
(C:\bin\MiKTeX\tex/generic/pgf/basiclayer\pgfcorepatterns.code.tex
File: pgfcorepatterns.code.tex 2021/05/15 v3.1.9a (3.1.9a)
)
(C:\bin\MiKTeX\tex/generic/pgf/basiclayer\pgfcorerdf.code.tex
File: pgfcorerdf.code.tex 2021/05/15 v3.1.9a (3.1.9a)
)))
(C:\bin\MiKTeX\tex/latex/pgf/utilities\xxcolor.sty
Package: xxcolor 2003/10/24 ver 0.1
\XC@nummixins=\count296
\XC@countmixins=\count297
)
(C:\bin\MiKTeX\tex/latex/base\atbegshi-ltx.sty
Package: atbegshi-ltx 2021/01/10 v1.0c Emulation of the original atbegshi
package with kernel methods
)
(C:\bin\MiKTeX\tex/latex/hyperref\hyperref.sty
Package: hyperref 2022-11-13 v7.00u Hypertext links for LaTeX

(C:\bin\MiKTeX\tex/generic/ltxcmds\ltxcmds.sty
Package: ltxcmds 2020-05-10 v1.25 LaTeX kernel commands for general use (HO)
)
(C:\bin\MiKTeX\tex/generic/pdftexcmds\pdftexcmds.sty
Package: pdftexcmds 2020-06-27 v0.33 Utility functions of pdfTeX for LuaTeX (HO
)

(C:\bin\MiKTeX\tex/generic/infwarerr\infwarerr.sty
Package: infwarerr 2019/12/03 v1.5 Providing info/warning/error messages (HO)
)
Package pdftexcmds Info: \pdf@primitive is available.
Package pdftexcmds Info: \pdf@ifprimitive is available.
Package pdftexcmds Info: \pdfdraftmode found.
)
(C:\bin\MiKTeX\tex/latex/kvsetkeys\kvsetkeys.sty
Package: kvsetkeys 2022-10-05 v1.19 Key value parser (HO)
)
(C:\bin\MiKTeX\tex/generic/kvdefinekeys\kvdefinekeys.sty
Package: kvdefinekeys 2019-12-19 v1.6 Define keys (HO)
)
(C:\bin\MiKTeX\tex/generic/pdfescape\pdfescape.sty
Package: pdfescape 2019/12/09 v1.15 Implements pdfTeX's escape features (HO)
)
(C:\bin\MiKTeX\tex/latex/hycolor\hycolor.sty
Package: hycolor 2020-01-27 v1.10 Color options for hyperref/bookmark (HO)
)
(C:\bin\MiKTeX\tex/latex/letltxmacro\letltxmacro.sty
Package: letltxmacro 2019/12/03 v1.6 Let assignment for LaTeX macros (HO)
)
(C:\bin\MiKTeX\tex/latex/auxhook\auxhook.sty
Package: auxhook 2019-12-17 v1.6 Hooks for auxiliary files (HO)
)
(C:\bin\MiKTeX\tex/latex/hyperref\nameref.sty
Package: nameref 2022-05-17 v2.50 Cross-referencing by name of section

(C:\bin\MiKTeX\tex/latex/refcount\refcount.sty
Package: refcount 2019/12/15 v3.6 Data extraction from label references (HO)
)
(C:\bin\MiKTeX\tex/generic/gettitlestring\gettitlestring.sty
Package: gettitlestring 2019/12/15 v1.6 Cleanup title references (HO)

(C:\bin\MiKTeX\tex/latex/kvoptions\kvoptions.sty
Package: kvoptions 2022-06-15 v3.15 Key value format for package options (HO)
))
\c@section@level=\count298
)
\@linkdim=\dimen267
\Hy@linkcounter=\count299
\Hy@pagecounter=\count300

(C:\bin\MiKTeX\tex/latex/hyperref\pd1enc.def
File: pd1enc.def 2022-11-13 v7.00u Hyperref: PDFDocEncoding definition (HO)
Now handling font encoding PD1 ...
... no UTF-8 mapping file for font encoding PD1
)
(C:\bin\MiKTeX\tex/generic/intcalc\intcalc.sty
Package: intcalc 2019/12/15 v1.3 Expandable calculations with integers (HO)
)
(C:\bin\MiKTeX\tex/generic/etexcmds\etexcmds.sty
Package: etexcmds 2019/12/15 v1.7 Avoid name clashes with e-TeX commands (HO)
)
\Hy@SavedSpaceFactor=\count301

(C:\bin\MiKTeX\tex/latex/hyperref\puenc.def
File: puenc.def 2022-11-13 v7.00u Hyperref: PDF Unicode definition (HO)
Now handling font encoding PU ...
... no UTF-8 mapping file for font encoding PU
)
Package hyperref Info: Option `bookmarks' set `true' on input line 4045.
Package hyperref Info: Option `bookmarksopen' set `true' on input line 4045.
Package hyperref Info: Option `implicit' set `false' on input line 4045.
Package hyperref Info: Hyper figures OFF on input line 4162.
Package hyperref Info: Link nesting OFF on input line 4167.
Package hyperref Info: Hyper index ON on input line 4170.
Package hyperref Info: Plain pages OFF on input line 4177.
Package hyperref Info: Backreferencing OFF on input line 4182.
Package hyperref Info: Implicit mode OFF; no redefinition of LaTeX internals.
Package hyperref Info: Bookmarks ON on input line 4410.
\c@Hy@tempcnt=\count302

(C:\bin\MiKTeX\tex/latex/url\url.sty
\Urlmuskip=\muskip16
Package: url 2013/09/16  ver 3.4  Verb mode for urls, etc.
)
LaTeX Info: Redefining \url on input line 4748.
\XeTeXLinkMargin=\dimen268

(C:\bin\MiKTeX\tex/generic/bitset\bitset.sty
Package: bitset 2019/12/09 v1.3 Handle bit-vector datatype (HO)

(C:\bin\MiKTeX\tex/generic/bigintcalc\bigintcalc.sty
Package: bigintcalc 2019/12/15 v1.5 Expandable calculations on big integers (HO
)
))
\Fld@menulength=\count303
\Field@Width=\dimen269
\Fld@charsize=\dimen270
Package hyperref Info: Hyper figures OFF on input line 6027.
Package hyperref Info: Link nesting OFF on input line 6032.
Package hyperref Info: Hyper index ON on input line 6035.
Package hyperref Info: backreferencing OFF on input line 6042.
Package hyperref Info: Link coloring OFF on input line 6047.
Package hyperref Info: Link coloring with OCG OFF on input line 6052.
Package hyperref Info: PDF/A mode OFF on input line 6057.
\Hy@abspage=\count304


Package hyperref Message: Stopped early.

)
Package hyperref Info: Driver (autodetected): hpdftex.
 (C:\bin\MiKTeX\tex/latex/hyperref\hpdftex.def
File: hpdftex.def 2022-11-13 v7.00u Hyperref driver for pdfTeX

(C:\bin\MiKTeX\tex/latex/base\atveryend-ltx.sty
Package: atveryend-ltx 2020/08/19 v1.0a Emulation of the original atveryend pac
kage
with kernel methods
)
\Fld@listcount=\count305
\c@bookmark@seq@number=\count306

(C:\bin\MiKTeX\tex/latex/rerunfilecheck\rerunfilecheck.sty
Package: rerunfilecheck 2022-07-10 v1.10 Rerun checks for auxiliary files (HO)

(C:\bin\MiKTeX\tex/generic/uniquecounter\uniquecounter.sty
Package: uniquecounter 2019/12/15 v1.4 Provide unlimited unique counter (HO)
)
Package uniquecounter Info: New unique counter `rerunfilecheck' on input line 2
85.
))
(C:\bin\MiKTeX\tex/latex/beamer\beamerbaserequires.sty
(C:\bin\MiKTeX\tex/latex/beamer\beamerbasecompatibility.sty)
(C:\bin\MiKTeX\tex/latex/beamer\beamerbasefont.sty
(C:\bin\MiKTeX\tex/latex/amsfonts\amssymb.sty
Package: amssymb 2013/01/14 v3.01 AMS font symbols

(C:\bin\MiKTeX\tex/latex/amsfonts\amsfonts.sty
Package: amsfonts 2013/01/14 v3.01 Basic AMSFonts support
\@emptytoks=\toks28
\symAMSa=\mathgroup4
\symAMSb=\mathgroup5
LaTeX Font Info:    Redeclaring math symbol \hbar on input line 98.
LaTeX Font Info:    Overwriting math alphabet `\mathfrak' in version `bold'
(Font)                  U/euf/m/n --> U/euf/b/n on input line 106.
))
(C:\bin\MiKTeX\tex/latex/sansmathaccent\sansmathaccent.sty
Package: sansmathaccent 2020/01/31

(C:\bin\MiKTeX\tex/latex/koma-script\scrlfile.sty
Package: scrlfile 2022/10/12 v3.38 KOMA-Script package (file load hooks)

(C:\bin\MiKTeX\tex/latex/koma-script\scrlfile-hook.sty
Package: scrlfile-hook 2022/10/12 v3.38 KOMA-Script package (using LaTeX hooks)


(C:\bin\MiKTeX\tex/latex/koma-script\scrlogo.sty
Package: scrlogo 2022/10/12 v3.38 KOMA-Script package (logo)
)))))
(C:\bin\MiKTeX\tex/latex/beamer\beamerbasetranslator.sty
(C:\bin\MiKTeX\tex/latex/translator\translator.sty
Package: translator 2021-05-31 v1.12d Easy translation of strings in LaTeX
))
(C:\bin\MiKTeX\tex/latex/beamer\beamerbasemisc.sty)
(C:\bin\MiKTeX\tex/latex/beamer\beamerbasetwoscreens.sty)
(C:\bin\MiKTeX\tex/latex/beamer\beamerbaseoverlay.sty
\beamer@argscount=\count307
\beamer@lastskipcover=\skip51
\beamer@trivlistdepth=\count308
)
(C:\bin\MiKTeX\tex/latex/beamer\beamerbasetitle.sty)
(C:\bin\MiKTeX\tex/latex/beamer\beamerbasesection.sty
\c@lecture=\count309
\c@part=\count310
\c@section=\count311
\c@subsection=\count312
\c@subsubsection=\count313
)
(C:\bin\MiKTeX\tex/latex/beamer\beamerbaseframe.sty
\beamer@framebox=\box66
\beamer@frametitlebox=\box67
\beamer@zoombox=\box68
\beamer@zoomcount=\count314
\beamer@zoomframecount=\count315
\beamer@frametextheight=\dimen271
\c@subsectionslide=\count316
\beamer@frametopskip=\skip52
\beamer@framebottomskip=\skip53
\beamer@frametopskipautobreak=\skip54
\beamer@framebottomskipautobreak=\skip55
\beamer@envbody=\toks29
\framewidth=\dimen272
\c@framenumber=\count317
)
(C:\bin\MiKTeX\tex/latex/beamer\beamerbaseverbatim.sty
\beamer@verbatimfileout=\write4
)
(C:\bin\MiKTeX\tex/latex/beamer\beamerbaseframesize.sty
\beamer@splitbox=\box69
\beamer@autobreakcount=\count318
\beamer@autobreaklastheight=\dimen273
\beamer@frametitletoks=\toks30
\beamer@framesubtitletoks=\toks31
)
(C:\bin\MiKTeX\tex/latex/beamer\beamerbaseframecomponents.sty
\beamer@footins=\box70
)
(C:\bin\MiKTeX\tex/latex/beamer\beamerbasecolor.sty)
(C:\bin\MiKTeX\tex/latex/beamer\beamerbasenotes.sty
\beamer@frameboxcopy=\box71
)
(C:\bin\MiKTeX\tex/latex/beamer\beamerbasetoc.sty)
(C:\bin\MiKTeX\tex/latex/beamer\beamerbasetemplates.sty
\beamer@sbttoks=\toks32

(C:\bin\MiKTeX\tex/latex/beamer\beamerbaseauxtemplates.sty
(C:\bin\MiKTeX\tex/latex/beamer\beamerbaseboxes.sty
\bmb@box=\box72
\bmb@colorbox=\box73
\bmb@boxwidth=\dimen274
\bmb@boxheight=\dimen275
\bmb@prevheight=\dimen276
\bmb@temp=\dimen277
\bmb@dima=\dimen278
\bmb@dimb=\dimen279
\bmb@prevheight=\dimen280
)
\beamer@blockheadheight=\dimen281
))
(C:\bin\MiKTeX\tex/latex/beamer\beamerbaselocalstructure.sty
(C:\bin\MiKTeX\tex/latex/tools\enumerate.sty
Package: enumerate 2015/07/23 v3.00 enumerate extensions (DPC)
\@enLab=\toks33
)
\beamer@bibiconwidth=\skip56
\c@figure=\count319
\c@table=\count320
\abovecaptionskip=\skip57
\belowcaptionskip=\skip58
)
(C:\bin\MiKTeX\tex/latex/beamer\beamerbasenavigation.sty
\beamer@section@min@dim=\dimen282
)
(C:\bin\MiKTeX\tex/latex/beamer\beamerbasetheorems.sty
(C:\bin\MiKTeX\tex/latex/amsmath\amsmath.sty
Package: amsmath 2022/04/08 v2.17n AMS math features
\@mathmargin=\skip59

For additional information on amsmath, use the `?' option.
(C:\bin\MiKTeX\tex/latex/amsmath\amstext.sty
Package: amstext 2021/08/26 v2.01 AMS text

(C:\bin\MiKTeX\tex/latex/amsmath\amsgen.sty
File: amsgen.sty 1999/11/30 v2.0 generic functions
\@emptytoks=\toks34
\ex@=\dimen283
))
(C:\bin\MiKTeX\tex/latex/amsmath\amsbsy.sty
Package: amsbsy 1999/11/29 v1.2d Bold Symbols
\pmbraise@=\dimen284
)
(C:\bin\MiKTeX\tex/latex/amsmath\amsopn.sty
Package: amsopn 2022/04/08 v2.04 operator names
)
\inf@bad=\count321
LaTeX Info: Redefining \frac on input line 234.
\uproot@=\count322
\leftroot@=\count323
LaTeX Info: Redefining \overline on input line 399.
LaTeX Info: Redefining \colon on input line 410.
\classnum@=\count324
\DOTSCASE@=\count325
LaTeX Info: Redefining \ldots on input line 496.
LaTeX Info: Redefining \dots on input line 499.
LaTeX Info: Redefining \cdots on input line 620.
\Mathstrutbox@=\box74
\strutbox@=\box75
LaTeX Info: Redefining \big on input line 722.
LaTeX Info: Redefining \Big on input line 723.
LaTeX Info: Redefining \bigg on input line 724.
LaTeX Info: Redefining \Bigg on input line 725.
\big@size=\dimen285
LaTeX Font Info:    Redeclaring font encoding OML on input line 743.
LaTeX Font Info:    Redeclaring font encoding OMS on input line 744.
\macc@depth=\count326
LaTeX Info: Redefining \bmod on input line 905.
LaTeX Info: Redefining \pmod on input line 910.
LaTeX Info: Redefining \smash on input line 940.
LaTeX Info: Redefining \relbar on input line 970.
LaTeX Info: Redefining \Relbar on input line 971.
\c@MaxMatrixCols=\count327
\dotsspace@=\muskip17
\c@parentequation=\count328
\dspbrk@lvl=\count329
\tag@help=\toks35
\row@=\count330
\column@=\count331
\maxfields@=\count332
\andhelp@=\toks36
\eqnshift@=\dimen286
\alignsep@=\dimen287
\tagshift@=\dimen288
\tagwidth@=\dimen289
\totwidth@=\dimen290
\lineht@=\dimen291
\@envbody=\toks37
\multlinegap=\skip60
\multlinetaggap=\skip61
\mathdisplay@stack=\toks38
LaTeX Info: Redefining \[ on input line 2953.
LaTeX Info: Redefining \] on input line 2954.
)
(C:\bin\MiKTeX\tex/latex/amscls\amsthm.sty
Package: amsthm 2020/05/29 v2.20.6
\thm@style=\toks39
\thm@bodyfont=\toks40
\thm@headfont=\toks41
\thm@notefont=\toks42
\thm@headpunct=\toks43
\thm@preskip=\skip62
\thm@postskip=\skip63
\thm@headsep=\skip64
\dth@everypar=\toks44
)
\c@theorem=\count333
)
(C:\bin\MiKTeX\tex/latex/beamer\beamerbasethemes.sty))
(C:\bin\MiKTeX\tex/latex/beamer\beamerthemedefault.sty
(C:\bin\MiKTeX\tex/latex/beamer\beamerfontthemedefault.sty)
(C:\bin\MiKTeX\tex/latex/beamer\beamercolorthemedefault.sty)
(C:\bin\MiKTeX\tex/latex/beamer\beamerinnerthemedefault.sty
\beamer@dima=\dimen292
\beamer@dimb=\dimen293
)
(C:\bin\MiKTeX\tex/latex/beamer\beamerouterthemedefault.sty)))
(C:\bin\MiKTeX\tex/latex/beamer\beamerthemeMadrid.sty
(C:\bin\MiKTeX\tex/latex/beamer\beamercolorthemewhale.sty)
(C:\bin\MiKTeX\tex/latex/beamer\beamercolorthemeorchid.sty)
(C:\bin\MiKTeX\tex/latex/beamer\beamerinnerthemerounded.sty)
(C:\bin\MiKTeX\tex/latex/beamer\beamerouterthemeinfolines.sty))
(C:\bin\MiKTeX\tex/latex/beamer\beamercolorthemestructure.sty)
(C:\bin\MiKTeX\tex/latex/booktabs\booktabs.sty
Package: booktabs 2020/01/12 v1.61803398 Publication quality tables
\heavyrulewidth=\dimen294
\lightrulewidth=\dimen295
\cmidrulewidth=\dimen296
\belowrulesep=\dimen297
\belowbottomsep=\dimen298
\aboverulesep=\dimen299
\abovetopsep=\dimen300
\cmidrulesep=\dimen301
\cmidrulekern=\dimen302
\defaultaddspace=\dimen303
\@cmidla=\count334
\@cmidlb=\count335
\@aboverulesep=\dimen304
\@belowrulesep=\dimen305
\@thisruleclass=\count336
\@lastruleclass=\count337
\@thisrulewidth=\dimen306
)
(C:\bin\MiKTeX\tex/latex/graphics\epsfig.sty
Package: epsfig 2017/06/25 v1.7b (e)psfig emulation (SPQR)
\epsfxsize=\dimen307
\epsfysize=\dimen308
)
(C:\bin\MiKTeX\tex/latex/jknappen\mathrsfs.sty
Package: mathrsfs 1996/01/01 Math RSFS package v1.0 (jk)
\symrsfs=\mathgroup6
)
(C:\bin\MiKTeX\tex/latex/mathtools\empheq.sty
Package: empheq 2017/03/31 v2.15 Emphasizing equations

(C:\bin\MiKTeX\tex/latex/mathtools\mhsetup.sty
Package: mhsetup 2021/03/18 v1.4 programming setup (MH)
)
(C:\bin\MiKTeX\tex/latex/mathtools\mathtools.sty
Package: mathtools 2022/06/29 v1.29 mathematical typesetting tools

(C:\bin\MiKTeX\tex/latex/tools\calc.sty
Package: calc 2017/05/25 v4.3 Infix arithmetic (KKT,FJ)
\calc@Acount=\count338
\calc@Bcount=\count339
\calc@Adimen=\dimen309
\calc@Bdimen=\dimen310
\calc@Askip=\skip65
\calc@Bskip=\skip66
LaTeX Info: Redefining \setlength on input line 80.
LaTeX Info: Redefining \addtolength on input line 81.
\calc@Ccount=\count340
\calc@Cskip=\skip67
)
\g_MT_multlinerow_int=\count341
\l_MT_multwidth_dim=\dimen311
\origjot=\skip68
\l_MT_shortvdotswithinadjustabove_dim=\dimen312
\l_MT_shortvdotswithinadjustbelow_dim=\dimen313
\l_MT_above_intertext_sep=\dimen314
\l_MT_below_intertext_sep=\dimen315
\l_MT_above_shortintertext_sep=\dimen316
\l_MT_below_shortintertext_sep=\dimen317
\xmathstrut@box=\box76
\xmathstrut@dim=\dimen318
)
\l_EQ_equationtype_int=\count342
\l_EQ_alignmentmode_int=\count343
\l_EQ_totalwidth_dim=\dimen319
\l_EQ_displaywidth_dim=\dimen320
\l_EQ_temp_linewidth_dim=\dimen321
\l_EQ_linewidth_dim=\dimen322
\EmphEqdelimitershortfall=\dimen323
\EmphEqdelimiterfactor=\count344
\g_EQ_toptag_height_dim=\dimen324
\g_EQ_bottomtag_depth_dim=\dimen325
\g_EQ_toprow_height_dim=\dimen326
\g_EQ_bottomrow_depth_dim=\dimen327
\g_EQ_widesttag_dim=\dimen328
\EQ_mathdisplay_box=\box77
\EQ_tag_box=\box78
\g_EQ_temprow_int=\count345
)
(C:\bin\MiKTeX\tex/generic/genmisc\mathdots.sty
Package: mathdots 2004/07/02 version 0.6.
\MD@unit=\dimen329
LaTeX Info: Redefining \ddots on input line 120.
LaTeX Info: Redefining \vdots on input line 122.


Package Mathdots Warning: Redefining amsmath commands \dddot and \ddddot.

LaTeX Info: Redefining \dddot on input line 145.
LaTeX Info: Redefining \ddddot on input line 145.
) (C:\bin\MiKTeX\tex/latex/lipsum\lipsum.sty
(C:\bin\MiKTeX\tex/latex/l3packages/l3keys2e\l3keys2e.sty
(C:\bin\MiKTeX\tex/latex/l3kernel\expl3.sty
Package: expl3 2022-11-02 L3 programming layer (loader) 

(C:\bin\MiKTeX\tex/latex/l3backend\l3backend-pdftex.def
File: l3backend-pdftex.def 2022-10-26 L3 backend support: PDF output (pdfTeX)
\l__color_backend_stack_int=\count346
\l__pdf_internal_box=\box79
))
Package: l3keys2e 2022-06-22 LaTeX2e option processing using LaTeX3 keys
)
Package: lipsum 2021-09-20 v2.7 150 paragraphs of Lorem Ipsum dummy text
\g__lipsum_par_int=\count347
\l__lipsum_a_int=\count348
\l__lipsum_b_int=\count349

(C:\bin\MiKTeX\tex/latex/lipsum\lipsum.ltd.tex))
(C:\bin\MiKTeX\tex/latex/comment\comment.sty
\CommentStream=\write5
 Excluding comment 'comment')
(C:\bin\MiKTeX\tex/latex/pgf/frontendlayer\tikz.sty
(C:\bin\MiKTeX\tex/latex/pgf/basiclayer\pgf.sty
Package: pgf 2021/05/15 v3.1.9a (3.1.9a)

(C:\bin\MiKTeX\tex/generic/pgf/modules\pgfmoduleshapes.code.tex
File: pgfmoduleshapes.code.tex 2021/05/15 v3.1.9a (3.1.9a)
\pgfnodeparttextbox=\box80
)
(C:\bin\MiKTeX\tex/generic/pgf/modules\pgfmoduleplot.code.tex
File: pgfmoduleplot.code.tex 2021/05/15 v3.1.9a (3.1.9a)
)
(C:\bin\MiKTeX\tex/latex/pgf/compatibility\pgfcomp-version-0-65.sty
Package: pgfcomp-version-0-65 2021/05/15 v3.1.9a (3.1.9a)
\pgf@nodesepstart=\dimen330
\pgf@nodesepend=\dimen331
)
(C:\bin\MiKTeX\tex/latex/pgf/compatibility\pgfcomp-version-1-18.sty
Package: pgfcomp-version-1-18 2021/05/15 v3.1.9a (3.1.9a)
))
(C:\bin\MiKTeX\tex/latex/pgf/utilities\pgffor.sty
(C:\bin\MiKTeX\tex/generic/pgf/utilities\pgffor.code.tex
Package: pgffor 2021/05/15 v3.1.9a (3.1.9a)

(C:\bin\MiKTeX\tex/generic/pgf/math\pgfmath.code.tex)
\pgffor@iter=\dimen332
\pgffor@skip=\dimen333
\pgffor@stack=\toks45
\pgffor@toks=\toks46
))
(C:\bin\MiKTeX\tex/generic/pgf/frontendlayer/tikz\tikz.code.tex
Package: tikz 2021/05/15 v3.1.9a (3.1.9a)

(C:\bin\MiKTeX\tex/generic/pgf/libraries\pgflibraryplothandlers.code.tex
File: pgflibraryplothandlers.code.tex 2021/05/15 v3.1.9a (3.1.9a)
\pgf@plot@mark@count=\count350
\pgfplotmarksize=\dimen334
)
\tikz@lastx=\dimen335
\tikz@lasty=\dimen336
\tikz@lastxsaved=\dimen337
\tikz@lastysaved=\dimen338
\tikz@lastmovetox=\dimen339
\tikz@lastmovetoy=\dimen340
\tikzleveldistance=\dimen341
\tikzsiblingdistance=\dimen342
\tikz@figbox=\box81
\tikz@figbox@bg=\box82
\tikz@tempbox=\box83
\tikz@tempbox@bg=\box84
\tikztreelevel=\count351
\tikznumberofchildren=\count352
\tikznumberofcurrentchild=\count353
\tikz@fig@count=\count354

(C:\bin\MiKTeX\tex/generic/pgf/modules\pgfmodulematrix.code.tex
File: pgfmodulematrix.code.tex 2021/05/15 v3.1.9a (3.1.9a)
\pgfmatrixcurrentrow=\count355
\pgfmatrixcurrentcolumn=\count356
\pgf@matrix@numberofcolumns=\count357
)
\tikz@expandcount=\count358

(C:\bin\MiKTeX\tex/generic/pgf/frontendlayer/tikz/libraries\tikzlibrarytopaths.
code.tex
File: tikzlibrarytopaths.code.tex 2021/05/15 v3.1.9a (3.1.9a)
))) (C:\bin\MiKTeX\tex/latex/tools\array.sty
Package: array 2022/03/10 v2.5f Tabular extension package (FMi)
\col@sep=\dimen343
\ar@mcellbox=\box85
\extrarowheight=\dimen344
\NC@list=\toks47
\extratabsurround=\skip69
\backup@length=\skip70
\ar@cellbox=\box86
)
(C:\bin\MiKTeX\tex/generic/pgf/frontendlayer/tikz/libraries\tikzlibraryshapes.c
ode.tex
File: tikzlibraryshapes.code.tex 2021/05/15 v3.1.9a (3.1.9a)

(C:\bin\MiKTeX\tex/generic/pgf/frontendlayer/tikz/libraries\tikzlibraryshapes.g
eometric.code.tex
File: tikzlibraryshapes.geometric.code.tex 2021/05/15 v3.1.9a (3.1.9a)

(C:\bin\MiKTeX\tex/generic/pgf/libraries/shapes\pgflibraryshapes.geometric.code
.tex
File: pgflibraryshapes.geometric.code.tex 2021/05/15 v3.1.9a (3.1.9a)
))
(C:\bin\MiKTeX\tex/generic/pgf/frontendlayer/tikz/libraries\tikzlibraryshapes.m
isc.code.tex
File: tikzlibraryshapes.misc.code.tex 2021/05/15 v3.1.9a (3.1.9a)

(C:\bin\MiKTeX\tex/generic/pgf/libraries/shapes\pgflibraryshapes.misc.code.tex
File: pgflibraryshapes.misc.code.tex 2021/05/15 v3.1.9a (3.1.9a)
))
(C:\bin\MiKTeX\tex/generic/pgf/frontendlayer/tikz/libraries\tikzlibraryshapes.s
ymbols.code.tex
File: tikzlibraryshapes.symbols.code.tex 2021/05/15 v3.1.9a (3.1.9a)

(C:\bin\MiKTeX\tex/generic/pgf/libraries/shapes\pgflibraryshapes.symbols.code.t
ex
File: pgflibraryshapes.symbols.code.tex 2021/05/15 v3.1.9a (3.1.9a)
))
(C:\bin\MiKTeX\tex/generic/pgf/frontendlayer/tikz/libraries\tikzlibraryshapes.a
rrows.code.tex
File: tikzlibraryshapes.arrows.code.tex 2021/05/15 v3.1.9a (3.1.9a)

(C:\bin\MiKTeX\tex/generic/pgf/libraries/shapes\pgflibraryshapes.arrows.code.te
x
File: pgflibraryshapes.arrows.code.tex 2021/05/15 v3.1.9a (3.1.9a)
))
(C:\bin\MiKTeX\tex/generic/pgf/frontendlayer/tikz/libraries\tikzlibraryshapes.c
allouts.code.tex
(C:\bin\MiKTeX\tex/generic/pgf/libraries/shapes\pgflibraryshapes.callouts.code.
tex))
(C:\bin\MiKTeX\tex/generic/pgf/frontendlayer/tikz/libraries\tikzlibraryshapes.m
ultipart.code.tex
File: tikzlibraryshapes.multipart.code.tex 2021/05/15 v3.1.9a (3.1.9a)

(C:\bin\MiKTeX\tex/generic/pgf/libraries/shapes\pgflibraryshapes.multipart.code
.tex
File: pgflibraryshapes.multipart.code.tex 2021/05/15 v3.1.9a (3.1.9a)
\pgfnodepartlowerbox=\box87
\pgfnodeparttwobox=\box88
\pgfnodepartthreebox=\box89
\pgfnodepartfourbox=\box90
\pgfnodeparttwentybox=\box91
\pgfnodepartnineteenbox=\box92
\pgfnodeparteighteenbox=\box93
\pgfnodepartseventeenbox=\box94
\pgfnodepartsixteenbox=\box95
\pgfnodepartfifteenbox=\box96
\pgfnodepartfourteenbox=\box97
\pgfnodepartthirteenbox=\box98
\pgfnodeparttwelvebox=\box99
\pgfnodepartelevenbox=\box100
\pgfnodeparttenbox=\box101
\pgfnodepartninebox=\box102
\pgfnodeparteightbox=\box103
\pgfnodepartsevenbox=\box104
\pgfnodepartsixbox=\box105
\pgfnodepartfivebox=\box106
)))
(C:\bin\MiKTeX\tex/generic/pgf/frontendlayer/tikz/libraries\tikzlibraryarrows.c
ode.tex
File: tikzlibraryarrows.code.tex 2021/05/15 v3.1.9a (3.1.9a)
 (C:\bin\MiKTeX\tex/generic/pgf/libraries\pgflibraryarrows.code.tex
File: pgflibraryarrows.code.tex 2021/05/15 v3.1.9a (3.1.9a)
\arrowsize=\dimen345
))
(C:\bin\MiKTeX\tex/latex/caption\caption.sty
Package: caption 2022/03/01 v3.6b Customizing captions (AR)

(C:\bin\MiKTeX\tex/latex/caption\caption3.sty
Package: caption3 2022/03/17 v2.3b caption3 kernel (AR)
\caption@tempdima=\dimen346
\captionmargin=\dimen347
\caption@leftmargin=\dimen348
\caption@rightmargin=\dimen349
\caption@width=\dimen350
\caption@indent=\dimen351
\caption@parindent=\dimen352
\caption@hangindent=\dimen353
Package caption Info: beamer document class detected.

(C:\bin\MiKTeX\tex/latex/caption\caption-beamer.sto
File: caption-beamer.sto 2022/01/06 v2.0c Adaption of the caption package to th
e beamer document classes (AR)
))
\c@caption@flags=\count359
\c@continuedfloat=\count360
Package caption Info: hyperref package is loaded.
Package caption Info: Hyperref support is turned off
(caption)             because hyperref has stopped early.
)
(C:\bin\MiKTeX\tex/latex/etex-pkg\etex.sty
Package: etex 2016/08/01 v2.7 eTeX basic definition package (PEB,DPC)


Package etex Warning: Extended allocation already in use.
(etex)                etex.sty code will not be used.
(etex)                To force etex package to load, add
(etex)                \RequirePackage{etex}
(etex)                at the start of the document.

) (C:\bin\MiKTeX\tex/latex/caption\subcaption.sty
Package: subcaption 2022/01/07 v1.5 Sub-captions (AR)
\c@subfigure=\count361
\c@subtable=\count362
)
(C:\bin\MiKTeX\tex/latex/placeins\placeins.sty
Package: placeins 2005/04/18  v 2.2
)
(C:\bin\MiKTeX\tex/latex/algorithm2e\algorithm2e.sty
Package: algorithm2e 2017/07/18 v5.2 algorithms environments
\c@AlgoLine=\count363

(C:\bin\MiKTeX\tex/latex/base\ifthen.sty
Package: ifthen 2022/04/13 v1.1d Standard LaTeX ifthen package (DPC)
)
\algocf@hangindent=\skip71

(C:\bin\MiKTeX\tex/latex/ifoddpage\ifoddpage.sty
Package: ifoddpage 2022/10/18 v1.2 Conditionals for odd/even page detection
\c@checkoddpage=\count364
)
(C:\bin\MiKTeX\tex/latex/tools\xspace.sty
Package: xspace 2014/10/28 v1.13 Space after command names (DPC,MH)
)
(C:\bin\MiKTeX\tex/latex/relsize\relsize.sty
Package: relsize 2013/03/29 ver 4.1
)
\skiptotal=\skip72
\skiplinenumber=\skip73
\skiprule=\skip74
\skiphlne=\skip75
\skiptext=\skip76
\skiplength=\skip77
\algomargin=\skip78
\skipalgocfslide=\skip79
\algowidth=\dimen354
\inoutsize=\dimen355
\inoutindent=\dimen356
\interspacetitleruled=\dimen357
\interspacealgoruled=\dimen358
\interspacetitleboxruled=\dimen359
\algocf@ruledwidth=\skip80
\algocf@inoutbox=\box107
\algocf@inputbox=\box108
\AlCapSkip=\skip81
\AlCapHSkip=\skip82
\algoskipindent=\skip83
\algocf@nlbox=\box109
\algocf@hangingbox=\box110
\algocf@untilbox=\box111
\algocf@skipuntil=\skip84
\algocf@capbox=\box112
\algocf@lcaptionbox=\skip85
\algoheightruledefault=\skip86
\algoheightrule=\skip87
\algotitleheightruledefault=\skip88
\algotitleheightrule=\skip89
\c@algocfline=\count365
\c@algocfproc=\count366
\c@algocf=\count367
\algocf@algoframe=\box113
\algocf@algobox=\box114
)
(C:\bin\MiKTeX\tex/latex/floatrow\floatrow.sty
Package: floatrow 2008/08/02 v0.3b floatrow: float package extension
\c@float@type=\count368
\float@exts=\toks48
\float@box=\box115
\@floatcapt=\box116
Package floatrow Info: Modified float package code loaded on input line 455.
Package floatrow Info: Modified rotfloat package code loaded on input line 473.

\FR@everyfloat=\toks49
\flrow@foot=\insert252
\FB@wd=\dimen360
\FBo@wd=\dimen361
\FBc@wd=\dimen362
\FBo@ht=\skip90
\FBc@ht=\skip91
\FBf@ht=\skip92
\FBo@max=\skip93
\FBc@max=\skip94
\FBf@max=\skip95
\c@FBl@b=\count369
\floatbox@depth=\count370
\c@FRobj=\count371
\c@FRsobj=\count372
\Xhsize=\skip96
\sXhsize=\skip97
\Zhsize=\skip98
\sZhsize=\skip99
\flrow@rowbox=\box117
\FR@Zunitlength=\dimen363
\c@FBcnt=\count373
\FPOScnt=\count374
\LTleft=\skip100
\LTright=\skip101
\LTleft=\skip102
\LTright=\skip103
\flrow@types=\toks50
)
(C:\bin\MiKTeX\tex/latex/animate\animate.sty
Package: animate 2022/09/15 PDF & SVG animations from files and inline graphics


(C:\bin\MiKTeX\tex/latex/oberdiek\ifdraft.sty
Package: ifdraft 2016/05/16 v1.4 Detect class options draft and final (HO)
)
(C:\bin\MiKTeX\tex/latex/media9\pdfbase.sty
Package: pdfbase 2022/08/04 v0.55 driver independent access to low-level PDF fe
atures
\g_pbs_page_int=\count375
\g_pbs_oc_int=\count376
)
(C:\bin\MiKTeX\tex/latex/zref\zref-abspage.sty
Package: zref-abspage 2022-04-07 v2.34 Module abspage for zref (HO)

(C:\bin\MiKTeX\tex/latex/zref\zref-base.sty
Package: zref-base 2022-04-07 v2.34 Module base for zref (HO)
Package zref Info: New property list: main on input line 767.
Package zref Info: New property: default on input line 768.
Package zref Info: New property: page on input line 769.
)
\c@abspage=\count377
Package zref Info: New property: abspage on input line 65.
)
(C:\bin\MiKTeX\tex/latex/ocgx2\ocgbase.sty
Package: ocgbase 2022/08/04 v0.22 support package for ocgx2.sty
\g_ocgbase_nd_int=\count378
)
\@anim@box=\box118
\@anim@measbox=\box119
\@anim@tmpdima=\dimen364
\@anim@tmpdimb=\dimen365
\@anim@num=\count379
\@anim@curframe=\count380
\@anim@curframe@zb=\count381
\@anim@resizeflags=\count382
\@anim@skipfram=\count383
\@anim@mulframecnt=\count384
\@anim@@tmlnfile=\read3
\@anim@tmpcnt=\count385
\c@@anim@ltxcnt=\count386
\@anim@curlayer=\count387
\@anim@lineno=\count388
\@anim@curfield=\count389
\@anim@@resizeflags=\count390
)
(C:\bin\MiKTeX\tex/latex/epstopdf-pkg\epstopdf.sty
Package: epstopdf 2020-01-24 v2.11 Conversion with epstopdf on the fly (HO)

(C:\bin\MiKTeX\tex/latex/grfext\grfext.sty
Package: grfext 2019/12/03 v1.3 Manage graphics extensions (HO)
)
(C:\bin\MiKTeX\tex/latex/epstopdf-pkg\epstopdf-base.sty
Package: epstopdf-base 2020-01-24 v2.11 Base part for package epstopdf
Package epstopdf-base Info: Redefining graphics rule for `.eps' on input line 4
85.
Package grfext Info: Graphics extension search list:
(grfext)             [.pdf,.png,.jpg,.mps,.jpeg,.jbig2,.jb2,.PDF,.PNG,.JPG,.JPE
G,.JBIG2,.JB2,.eps]
(grfext)             \AppendGraphicsExtensions on input line 504.

(C:\bin\MiKTeX\tex/latex/00miktex\epstopdf-sys.cfg
File: epstopdf-sys.cfg 2021/03/18 v2.0 Configuration of epstopdf for MiKTeX
)))
Package grfext Info: Graphics extension search list:
(grfext)             [.pdf,.png,.jpg,.mps,.jpeg,.jbig2,.jb2,.PDF,.PNG,.JPG,.JPE
G,.JBIG2,.JB2,.eps,.gif]
(grfext)             \AppendGraphicsExtensions on input line 38.
\symgrb=\mathgroup7
 (Symbol_Shortcut.tex
\symmathx=\mathgroup8
)
(C:\bin\MiKTeX\tex/latex/beamer\beamerfontthemeserif.sty)
(C:\bin\MiKTeX\tex/latex/background\background.sty
Package: background 2014/03/04 v2.1 background material

(C:\bin\MiKTeX\tex/latex/xkeyval\xkeyval.sty
Package: xkeyval 2022/06/16 v2.9 package option processing (HA)

(C:\bin\MiKTeX\tex/generic/xkeyval\xkeyval.tex
(C:\bin\MiKTeX\tex/generic/xkeyval\xkvutils.tex
\XKV@toks=\toks51
\XKV@tempa@toks=\toks52
)
\XKV@depth=\count391
File: xkeyval.tex 2014/12/03 v2.7a key=value parser (HA)
))
(C:\bin\MiKTeX\tex/latex/everypage\everypage.sty
Package: everypage 2020/10/17 R2.0b Hooks to run on every page


Package everypage Warning: Functionality similar to this package has recently
(everypage)                been implemented in LaTeX. This package is now in
(everypage)                legacy status.
(everypage)                Please, don't use it in new documents and packages.


Package everypage Warning: You appear to be running a version of LaTeX
(everypage)                providing the new functionality.
(everypage)                Doing the best to deliver the original `everypage`
(everypage)                interface on top of it. Strict equivalence is
(everypage)                not possible, breakage may occur.
(everypage)                If truly needed, Use `everypage-1x` to force the
(everypage)                loading of an older code base.

) (C:\bin\MiKTeX\tex/latex/tools\afterpage.sty
Package: afterpage 2014/10/28 v1.08 After-Page Package (DPC)
\AP@output=\toks53
\AP@partial=\box120
\AP@footins=\box121
))
(C:\bin\MiKTeX\tex/latex/textpos\textpos.sty
Package: textpos 2022/07/23 v1.10.1
Package textpos Info: choosing support for LaTeX3 on input line 60.
\TP@textbox=\box122
\TPHorizModule=\dimen366
\TPVertModule=\dimen367
\TP@margin=\dimen368
\TP@absmargin=\dimen369

Grid set 16 x 16 = 22.7622pt x 17.07166pt
\TPboxrulesize=\dimen370
\TP@tbargs=\toks54
) (20220412_chao_tang_chmodel_TR_38_901.aux)
\openout1 = `20220412_chao_tang_chmodel_TR_38_901.aux'.

LaTeX Font Info:    Checking defaults for OML/cmm/m/it on input line 106.
LaTeX Font Info:    ... okay on input line 106.
LaTeX Font Info:    Checking defaults for OMS/cmsy/m/n on input line 106.
LaTeX Font Info:    ... okay on input line 106.
LaTeX Font Info:    Checking defaults for OT1/cmr/m/n on input line 106.
LaTeX Font Info:    ... okay on input line 106.
LaTeX Font Info:    Checking defaults for T1/cmr/m/n on input line 106.
LaTeX Font Info:    ... okay on input line 106.
LaTeX Font Info:    Checking defaults for TS1/cmr/m/n on input line 106.
LaTeX Font Info:    ... okay on input line 106.
LaTeX Font Info:    Checking defaults for OMX/cmex/m/n on input line 106.
LaTeX Font Info:    ... okay on input line 106.
LaTeX Font Info:    Checking defaults for U/mathx/m/n on input line 106.
LaTeX Font Info:    ... okay on input line 106.
LaTeX Font Info:    Checking defaults for PD1/pdf/m/n on input line 106.
LaTeX Font Info:    ... okay on input line 106.
LaTeX Font Info:    Checking defaults for PU/pdf/m/n on input line 106.
LaTeX Font Info:    ... okay on input line 106.

*geometry* driver: auto-detecting
*geometry* detected driver: pdftex
*geometry* verbose mode - [ preamble ] result:
* driver: pdftex
* paper: custom
* layout: <same size as paper>
* layoutoffset:(h,v)=(0.0pt,0.0pt)
* modes: includehead includefoot 
* h-part:(L,W,R)=(10.95003pt, 342.2953pt, 10.95003pt)
* v-part:(T,H,B)=(0.0pt, 273.14662pt, 0.0pt)
* \paperwidth=364.19536pt
* \paperheight=273.14662pt
* \textwidth=342.2953pt
* \textheight=244.6939pt
* \oddsidemargin=-61.31996pt
* \evensidemargin=-61.31996pt
* \topmargin=-72.26999pt
* \headheight=14.22636pt
* \headsep=0.0pt
* \topskip=11.0pt
* \footskip=14.22636pt
* \marginparwidth=4.0pt
* \marginparsep=10.0pt
* \columnsep=10.0pt
* \skip\footins=10.0pt plus 4.0pt minus 2.0pt
* \hoffset=0.0pt
* \voffset=0.0pt
* \mag=1000
* \@twocolumnfalse
* \@twosidefalse
* \@mparswitchfalse
* \@reversemarginfalse
* (1in=72.27pt=25.4mm, 1cm=28.453pt)

(C:\bin\MiKTeX\tex/context/base/mkii\supp-pdf.mkii
[Loading MPS to PDF converter (version 2006.09.02).]
\scratchcounter=\count392
\scratchdimen=\dimen371
\scratchbox=\box123
\nofMPsegments=\count393
\nofMParguments=\count394
\everyMPshowfont=\toks55
\MPscratchCnt=\count395
\MPscratchDim=\dimen372
\MPnumerator=\count396
\makeMPintoPDFobject=\count397
\everyMPtoPDFconversion=\toks56
)
Package hyperref Info: Link coloring OFF on input line 106.
 (20220412_chao_tang_chmodel_TR_38_901.out)
(20220412_chao_tang_chmodel_TR_38_901.out)
\@outlinefile=\write6
\openout6 = `20220412_chao_tang_chmodel_TR_38_901.out'.


(C:\bin\MiKTeX\tex/latex/translator\translator-basic-dictionary-English.dict
Dictionary: translator-basic-dictionary, Language: English 
)
(C:\bin\MiKTeX\tex/latex/translator\translator-bibliography-dictionary-English.
dict
Dictionary: translator-bibliography-dictionary, Language: English 
)
(C:\bin\MiKTeX\tex/latex/translator\translator-environment-dictionary-English.d
ict
Dictionary: translator-environment-dictionary, Language: English 
)
(C:\bin\MiKTeX\tex/latex/translator\translator-months-dictionary-English.dict
Dictionary: translator-months-dictionary, Language: English 
)
(C:\bin\MiKTeX\tex/latex/translator\translator-numbers-dictionary-English.dict
Dictionary: translator-numbers-dictionary, Language: English 
) (C:\bin\MiKTeX\tex/latex/translator\translator-theorem-dictionary-English.dic
t
Dictionary: translator-theorem-dictionary, Language: English 
)
LaTeX Info: Command `\dddot' is already robust on input line 106.
LaTeX Info: Command `\ddddot' is already robust on input line 106.
Package caption Info: Begin \AtBeginDocument code.
Package caption Info: float package is loaded.
Package caption Info: floatrow package is loaded.
Package caption Info: End \AtBeginDocument code.
 (20220412_chao_tang_chmodel_TR_38_901.nav)
<fig/nctu_logo.png, id=29, 1204.5pt x 1204.5pt>
File: fig/nctu_logo.png Graphic file (type png)
<use fig/nctu_logo.png>
Package pdftex.def Info: fig/nctu_logo.png  used on input line 110.
(pdftex.def)             Requested size: 28.45274pt x 28.45094pt.
 [1{C:/Users/gherkin/AppData/Local/MiKTeX/fonts/map/pdftex/pdftex.map}

 <./fig/nctu_logo.png>]
LaTeX Font Info:    Trying to load font information for U+msa on input line 162
.

(C:\bin\MiKTeX\tex/latex/amsfonts\umsa.fd
File: umsa.fd 2013/01/14 v3.01 AMS symbols A
)
LaTeX Font Info:    Trying to load font information for U+msb on input line 162
.

(C:\bin\MiKTeX\tex/latex/amsfonts\umsb.fd
File: umsb.fd 2013/01/14 v3.01 AMS symbols B
)
LaTeX Font Info:    Trying to load font information for U+rsfs on input line 16
2.

(C:\bin\MiKTeX\tex/latex/jknappen\ursfs.fd
File: ursfs.fd 1998/03/24 rsfs font definition file (jk)
)
File: fig/nctu_logo.png Graphic file (type png)
<use fig/nctu_logo.png>
Package pdftex.def Info: fig/nctu_logo.png  used on input line 162.
(pdftex.def)             Requested size: 25.60217pt x 25.6073pt.
 [2

]
File: fig/nctu_logo.png Graphic file (type png)
<use fig/nctu_logo.png>
Package pdftex.def Info: fig/nctu_logo.png  used on input line 162.
(pdftex.def)             Requested size: 25.60217pt x 25.6073pt.
 [3


]
File: fig/nctu_logo.png Graphic file (type png)
<use fig/nctu_logo.png>
Package pdftex.def Info: fig/nctu_logo.png  used on input line 162.
(pdftex.def)             Requested size: 25.60217pt x 25.6073pt.
 [4


]
File: fig/nctu_logo.png Graphic file (type png)
<use fig/nctu_logo.png>
Package pdftex.def Info: fig/nctu_logo.png  used on input line 162.
(pdftex.def)             Requested size: 25.60217pt x 25.6073pt.
 [5


]
File: fig/nctu_logo.png Graphic file (type png)
<use fig/nctu_logo.png>
Package pdftex.def Info: fig/nctu_logo.png  used on input line 171.
(pdftex.def)             Requested size: 25.60217pt x 25.6073pt.
 [6

]
File: fig/nctu_logo.png Graphic file (type png)
<use fig/nctu_logo.png>
Package pdftex.def Info: fig/nctu_logo.png  used on input line 247.
(pdftex.def)             Requested size: 25.60217pt x 25.6073pt.
 [7

]
File: fig/nctu_logo.png Graphic file (type png)
<use fig/nctu_logo.png>
Package pdftex.def Info: fig/nctu_logo.png  used on input line 247.
(pdftex.def)             Requested size: 25.60217pt x 25.6073pt.
 [8


]
File: fig/nctu_logo.png Graphic file (type png)
<use fig/nctu_logo.png>
Package pdftex.def Info: fig/nctu_logo.png  used on input line 247.
(pdftex.def)             Requested size: 25.60217pt x 25.6073pt.

[9


]
File: fig/nctu_logo.png Graphic file (type png)
<use fig/nctu_logo.png>
Package pdftex.def Info: fig/nctu_logo.png  used on input line 247.
(pdftex.def)             Requested size: 25.60217pt x 25.6073pt.
 [10


]
File: fig/nctu_logo.png Graphic file (type png)
<use fig/nctu_logo.png>
Package pdftex.def Info: fig/nctu_logo.png  used on input line 247.
(pdftex.def)             Requested size: 25.60217pt x 25.6073pt.
 [11


]
\tf@nav=\write7
\openout7 = `20220412_chao_tang_chmodel_TR_38_901.nav'.

\tf@toc=\write8
\openout8 = `20220412_chao_tang_chmodel_TR_38_901.toc'.

\tf@snm=\write9
\openout9 = `20220412_chao_tang_chmodel_TR_38_901.snm'.

 (20220412_chao_tang_chmodel_TR_38_901.aux)
Package rerunfilecheck Info: File `20220412_chao_tang_chmodel_TR_38_901.out' ha
s not changed.
(rerunfilecheck)             Checksum: 9DCC96B7148869DBC4079D78446743A0;136.
 ) 
Here is how much of TeX's memory you used:
 34535 strings out of 475243
 698409 string characters out of 2787392
 1143841 words of memory out of 3000000
 55295 multiletter control sequences out of 15000+600000
 483531 words of font info for 81 fonts, out of 8000000 for 9000
 1141 hyphenation exceptions out of 8191
 128i,15n,122p,442b,696s stack positions out of 10000i,1000n,20000p,200000b,80000s
<C:/bin/MiKTeX/fonts/type1/public/amsfonts/cm/cmbx10.pfb><C:/bin/MiKTeX/fonts
/type1/public/amsfonts/cm/cmex10.pfb><C:/bin/MiKTeX/fonts/type1/public/amsfonts
/cm/cmmi10.pfb><C:/bin/MiKTeX/fonts/type1/public/amsfonts/cm/cmmi7.pfb><C:/bin/
MiKTeX/fonts/type1/public/amsfonts/cm/cmmi8.pfb><C:/bin/MiKTeX/fonts/type1/publ
ic/amsfonts/cm/cmr10.pfb><C:/bin/MiKTeX/fonts/type1/public/amsfonts/cm/cmr12.pf
b><C:/bin/MiKTeX/fonts/type1/public/amsfonts/cm/cmr6.pfb><C:/bin/MiKTeX/fonts/t
ype1/public/amsfonts/cm/cmr8.pfb><C:/bin/MiKTeX/fonts/type1/public/amsfonts/cm/
cmsy10.pfb><C:/bin/MiKTeX/fonts/type1/public/amsfonts/cm/cmti8.pfb>
Output written on 20220412_chao_tang_chmodel_TR_38_901.pdf (11 pages, 313084 by
tes).
PDF statistics:
 179 PDF objects out of 1000 (max. 8388607)
 24 named destinations out of 1000 (max. 500000)
 104 words of extra memory for PDF output out of 10000 (max. 10000000)

